<?xml version="1.0" encoding="UTF-8"?>
<testng-results ignored="0" total="2" passed="2" failed="0" skipped="0">
  <reporter-output>
  </reporter-output>
  <suite started-at="2024-01-17T23:00:14 BDT" name="Command line suite" finished-at="2024-01-17T23:01:06 BDT" duration-ms="52189">
    <groups>
    </groups>
    <test started-at="2024-01-17T23:00:14 BDT" name="Command line test" finished-at="2024-01-17T23:01:06 BDT" duration-ms="52189">
      <class name="testcases.TestLogin">
        <test-method is-config="true" signature="setup()[pri:0, instance:testcases.TestLogin@7c098bb3]" started-at="2024-01-17T23:00:14 BDT" name="setup" finished-at="2024-01-17T23:00:18 BDT" duration-ms="3427" status="PASS">
          <reporter-output>
          </reporter-output>
        </test-method> <!-- setup -->
        <test-method signature="LoginTest()[pri:1, instance:testcases.TestLogin@7c098bb3]" started-at="2024-01-17T23:00:18 BDT" name="LoginTest" description="Login test" finished-at="2024-01-17T23:00:30 BDT" duration-ms="12391" status="PASS">
          <reporter-output>
          </reporter-output>
        </test-method> <!-- LoginTest -->
        <test-method is-config="true" signature="teardown()[pri:0, instance:testcases.TestLogin@7c098bb3]" started-at="2024-01-17T23:00:30 BDT" name="teardown" finished-at="2024-01-17T23:00:31 BDT" duration-ms="285" status="PASS">
          <reporter-output>
          </reporter-output>
        </test-method> <!-- teardown -->
      </class> <!-- testcases.TestLogin -->
      <class name="testcases.TestProduct">
        <test-method is-config="true" signature="setup()[pri:0, instance:testcases.TestProduct@57459491]" started-at="2024-01-17T23:00:31 BDT" name="setup" finished-at="2024-01-17T23:00:34 BDT" duration-ms="2910" status="PASS">
          <reporter-output>
          </reporter-output>
        </test-method> <!-- setup -->
        <test-method signature="product_test()[pri:0, instance:testcases.TestProduct@57459491]" started-at="2024-01-17T23:00:34 BDT" name="product_test" finished-at="2024-01-17T23:01:06 BDT" duration-ms="32799" status="PASS">
          <reporter-output>
          </reporter-output>
        </test-method> <!-- product_test -->
        <test-method is-config="true" signature="teardown()[pri:0, instance:testcases.TestProduct@57459491]" started-at="2024-01-17T23:01:06 BDT" name="teardown" finished-at="2024-01-17T23:01:06 BDT" duration-ms="129" status="PASS">
          <reporter-output>
          </reporter-output>
        </test-method> <!-- teardown -->
      </class> <!-- testcases.TestProduct -->
    </test> <!-- Command line test -->
  </suite> <!-- Command line suite -->
</testng-results>
